---
driver=<class 'textual.drivers.linux_driver.LinuxDriver'>
Mount() >>> GridTest(title='Grid Test')
Mount() >>> DockView(name='DockView#1')
Mount() >>> View(name='View#1')
view.forwarded Key(key='right')
Key(key='right') >>> GridTest(title='Grid Test')
view.forwarded Key(key='left')
Key(key='left') >>> GridTest(title='Grid Test')
Enter() >>> Placeholder(name='Placeholder#3')
Leave() >>> Placeholder(name='Placeholder#3', mouse_over=True)
Enter() >>> Placeholder(name='Placeholder#4')
Leave() >>> Placeholder(name='Placeholder#4', mouse_over=True)
Enter() >>> Placeholder(name='Placeholder#5')
Leave() >>> Placeholder(name='Placeholder#5', mouse_over=True)
Enter() >>> Placeholder(name='Placeholder#4')
Leave() >>> Placeholder(name='Placeholder#4', mouse_over=True)
Enter() >>> Placeholder(name='Placeholder#3')
Leave() >>> Placeholder(name='Placeholder#3', mouse_over=True)
Enter() >>> Placeholder(name='Placeholder#2')
Leave() >>> Placeholder(name='Placeholder#2', mouse_over=True)
Enter() >>> Placeholder(name='Placeholder#1')
Leave() >>> Placeholder(name='Placeholder#1', mouse_over=True)
Enter() >>> Placeholder(name='Placeholder#2')
Leave() >>> Placeholder(name='Placeholder#2', mouse_over=True)
Enter() >>> Placeholder(name='Placeholder#3')
view.forwarded Key(key='left')
Key(key='left') >>> GridTest(title='Grid Test')
view.forwarded Key(key='left')
Key(key='left') >>> GridTest(title='Grid Test')
view.forwarded Key(key='right')
Key(key='right') >>> GridTest(title='Grid Test')
Leave() >>> Placeholder(name='Placeholder#3', mouse_over=True)
Enter() >>> Placeholder(name='Placeholder#4')
Leave() >>> Placeholder(name='Placeholder#4', mouse_over=True)
Enter() >>> Placeholder(name='Placeholder#5')
Leave() >>> Placeholder(name='Placeholder#5', mouse_over=True)
Enter() >>> Placeholder(name='Placeholder#9')
Leave() >>> Placeholder(name='Placeholder#9', mouse_over=True)
Enter() >>> Placeholder(name='Placeholder#8')
Leave() >>> Placeholder(name='Placeholder#8', mouse_over=True)
Enter() >>> Placeholder(name='Placeholder#7')
Leave() >>> Placeholder(name='Placeholder#7', mouse_over=True)
Enter() >>> Placeholder(name='Placeholder#6')
Leave() >>> Placeholder(name='Placeholder#6', mouse_over=True)
Enter() >>> Placeholder(name='Placeholder#7')
Leave() >>> Placeholder(name='Placeholder#7', mouse_over=True)
Enter() >>> Placeholder(name='Placeholder#8')
Leave() >>> Placeholder(name='Placeholder#8', mouse_over=True)
Enter() >>> Placeholder(name='Placeholder#9')
Leave() >>> Placeholder(name='Placeholder#9', mouse_over=True)
Enter() >>> Placeholder(name='Placeholder#4')
Leave() >>> Placeholder(name='Placeholder#4', mouse_over=True)
Enter() >>> Placeholder(name='Placeholder#5')
Leave() >>> Placeholder(name='Placeholder#5', mouse_over=True)
Enter() >>> Placeholder(name='Placeholder#3')
Leave() >>> Placeholder(name='Placeholder#3', mouse_over=True)
Enter() >>> Placeholder(name='Placeholder#6')
Leave() >>> Placeholder(name='Placeholder#6', mouse_over=True)
Enter() >>> Placeholder(name='Placeholder#3')
Leave() >>> Placeholder(name='Placeholder#3', mouse_over=True)
view.forwarded Key(key='ctrl+c')
Key(key='ctrl+c') >>> GridTest(title='Grid Test')
ACTION GridTest(title='Grid Test') quit
CLOSED GridTest(title='Grid Test')
PROCESS END
